2019-03-08 00:26:06,763 ERROR: Exception on /chat/123 [GET] [in /home/leemur/Documents/Programming/Python/Flask/VK/venv/lib/python3.6/site-packages/flask/app.py:1761]
Traceback (most recent call last):
  File "/home/leemur/Documents/Programming/Python/Flask/VK/venv/lib/python3.6/site-packages/flask/app.py", line 2292, in wsgi_app
    response = self.full_dispatch_request()
  File "/home/leemur/Documents/Programming/Python/Flask/VK/venv/lib/python3.6/site-packages/flask/app.py", line 1815, in full_dispatch_request
    rv = self.handle_user_exception(e)
  File "/home/leemur/Documents/Programming/Python/Flask/VK/venv/lib/python3.6/site-packages/flask/app.py", line 1718, in handle_user_exception
    reraise(exc_type, exc_value, tb)
  File "/home/leemur/Documents/Programming/Python/Flask/VK/venv/lib/python3.6/site-packages/flask/_compat.py", line 35, in reraise
    raise value
  File "/home/leemur/Documents/Programming/Python/Flask/VK/venv/lib/python3.6/site-packages/flask/app.py", line 1813, in full_dispatch_request
    rv = self.dispatch_request()
  File "/home/leemur/Documents/Programming/Python/Flask/VK/venv/lib/python3.6/site-packages/flask/app.py", line 1799, in dispatch_request
    return self.view_functions[rule.endpoint](**req.view_args)
  File "/home/leemur/Documents/Programming/Python/Flask/VK/app/custom_decorators.py", line 12, in decorated_function
    return f(*args, **kwargs)
  File "/home/leemur/Documents/Programming/Python/Flask/VK/app/routes.py", line 165, in chat
    recipient=recipient
  File "/home/leemur/Documents/Programming/Python/Flask/VK/venv/lib/python3.6/site-packages/flask/templating.py", line 134, in render_template
    return _render(ctx.app.jinja_env.get_or_select_template(template_name_or_list),
  File "/home/leemur/Documents/Programming/Python/Flask/VK/venv/lib/python3.6/site-packages/jinja2/environment.py", line 869, in get_or_select_template
    return self.get_template(template_name_or_list, parent, globals)
  File "/home/leemur/Documents/Programming/Python/Flask/VK/venv/lib/python3.6/site-packages/jinja2/environment.py", line 830, in get_template
    return self._load_template(name, self.make_globals(globals))
  File "/home/leemur/Documents/Programming/Python/Flask/VK/venv/lib/python3.6/site-packages/jinja2/environment.py", line 804, in _load_template
    template = self.loader.load(self, name, globals)
  File "/home/leemur/Documents/Programming/Python/Flask/VK/venv/lib/python3.6/site-packages/jinja2/loaders.py", line 125, in load
    code = environment.compile(source, name, filename)
  File "/home/leemur/Documents/Programming/Python/Flask/VK/venv/lib/python3.6/site-packages/jinja2/environment.py", line 591, in compile
    self.handle_exception(exc_info, source_hint=source_hint)
  File "/home/leemur/Documents/Programming/Python/Flask/VK/venv/lib/python3.6/site-packages/jinja2/environment.py", line 780, in handle_exception
    reraise(exc_type, exc_value, tb)
  File "/home/leemur/Documents/Programming/Python/Flask/VK/venv/lib/python3.6/site-packages/jinja2/_compat.py", line 37, in reraise
    raise value.with_traceback(tb)
  File "/home/leemur/Documents/Programming/Python/Flask/VK/app/templates/chat.html", line 20, in template
    {% if message.sender_id == .id %}
  File "/home/leemur/Documents/Programming/Python/Flask/VK/venv/lib/python3.6/site-packages/jinja2/environment.py", line 497, in _parse
    return Parser(self, source, name, encode_filename(filename)).parse()
  File "/home/leemur/Documents/Programming/Python/Flask/VK/venv/lib/python3.6/site-packages/jinja2/parser.py", line 901, in parse
    result = nodes.Template(self.subparse(), lineno=1)
  File "/home/leemur/Documents/Programming/Python/Flask/VK/venv/lib/python3.6/site-packages/jinja2/parser.py", line 883, in subparse
    rv = self.parse_statement()
  File "/home/leemur/Documents/Programming/Python/Flask/VK/venv/lib/python3.6/site-packages/jinja2/parser.py", line 130, in parse_statement
    return getattr(self, 'parse_' + self.stream.current.value)()
  File "/home/leemur/Documents/Programming/Python/Flask/VK/venv/lib/python3.6/site-packages/jinja2/parser.py", line 268, in parse_block
    node.body = self.parse_statements(('name:endblock',), drop_needle=True)
  File "/home/leemur/Documents/Programming/Python/Flask/VK/venv/lib/python3.6/site-packages/jinja2/parser.py", line 165, in parse_statements
    result = self.subparse(end_tokens)
  File "/home/leemur/Documents/Programming/Python/Flask/VK/venv/lib/python3.6/site-packages/jinja2/parser.py", line 883, in subparse
    rv = self.parse_statement()
  File "/home/leemur/Documents/Programming/Python/Flask/VK/venv/lib/python3.6/site-packages/jinja2/parser.py", line 130, in parse_statement
    return getattr(self, 'parse_' + self.stream.current.value)()
  File "/home/leemur/Documents/Programming/Python/Flask/VK/venv/lib/python3.6/site-packages/jinja2/parser.py", line 199, in parse_for
    body = self.parse_statements(('name:endfor', 'name:else'))
  File "/home/leemur/Documents/Programming/Python/Flask/VK/venv/lib/python3.6/site-packages/jinja2/parser.py", line 165, in parse_statements
    result = self.subparse(end_tokens)
  File "/home/leemur/Documents/Programming/Python/Flask/VK/venv/lib/python3.6/site-packages/jinja2/parser.py", line 883, in subparse
    rv = self.parse_statement()
  File "/home/leemur/Documents/Programming/Python/Flask/VK/venv/lib/python3.6/site-packages/jinja2/parser.py", line 130, in parse_statement
    return getattr(self, 'parse_' + self.stream.current.value)()
  File "/home/leemur/Documents/Programming/Python/Flask/VK/venv/lib/python3.6/site-packages/jinja2/parser.py", line 211, in parse_if
    node.test = self.parse_tuple(with_condexpr=False)
  File "/home/leemur/Documents/Programming/Python/Flask/VK/venv/lib/python3.6/site-packages/jinja2/parser.py", line 620, in parse_tuple
    args.append(parse())
  File "/home/leemur/Documents/Programming/Python/Flask/VK/venv/lib/python3.6/site-packages/jinja2/parser.py", line 612, in <lambda>
    parse = lambda: self.parse_expression(with_condexpr=False)
  File "/home/leemur/Documents/Programming/Python/Flask/VK/venv/lib/python3.6/site-packages/jinja2/parser.py", line 433, in parse_expression
    return self.parse_or()
  File "/home/leemur/Documents/Programming/Python/Flask/VK/venv/lib/python3.6/site-packages/jinja2/parser.py", line 450, in parse_or
    left = self.parse_and()
  File "/home/leemur/Documents/Programming/Python/Flask/VK/venv/lib/python3.6/site-packages/jinja2/parser.py", line 459, in parse_and
    left = self.parse_not()
  File "/home/leemur/Documents/Programming/Python/Flask/VK/venv/lib/python3.6/site-packages/jinja2/parser.py", line 470, in parse_not
    return self.parse_compare()
  File "/home/leemur/Documents/Programming/Python/Flask/VK/venv/lib/python3.6/site-packages/jinja2/parser.py", line 480, in parse_compare
    ops.append(nodes.Operand(token_type, self.parse_math1()))
  File "/home/leemur/Documents/Programming/Python/Flask/VK/venv/lib/python3.6/site-packages/jinja2/parser.py", line 496, in parse_math1
    left = self.parse_concat()
  File "/home/leemur/Documents/Programming/Python/Flask/VK/venv/lib/python3.6/site-packages/jinja2/parser.py", line 507, in parse_concat
    args = [self.parse_math2()]
  File "/home/leemur/Documents/Programming/Python/Flask/VK/venv/lib/python3.6/site-packages/jinja2/parser.py", line 517, in parse_math2
    left = self.parse_pow()
  File "/home/leemur/Documents/Programming/Python/Flask/VK/venv/lib/python3.6/site-packages/jinja2/parser.py", line 528, in parse_pow
    left = self.parse_unary()
  File "/home/leemur/Documents/Programming/Python/Flask/VK/venv/lib/python3.6/site-packages/jinja2/parser.py", line 546, in parse_unary
    node = self.parse_primary()
  File "/home/leemur/Documents/Programming/Python/Flask/VK/venv/lib/python3.6/site-packages/jinja2/parser.py", line 583, in parse_primary
    self.fail("unexpected '%s'" % describe_token(token), token.lineno)
  File "/home/leemur/Documents/Programming/Python/Flask/VK/venv/lib/python3.6/site-packages/jinja2/parser.py", line 59, in fail
    raise exc(msg, lineno, self.name, self.filename)
jinja2.exceptions.TemplateSyntaxError: unexpected '.'
2019-03-10 02:40:28,591 INFO: Microblog startup [in /home/leemur/Documents/Programming/Python/Flask/VK/app/__init__.py:54]
2019-03-10 02:40:37,930 INFO: Microblog startup [in /home/leemur/Documents/Programming/Python/Flask/VK/app/__init__.py:54]
2019-03-13 01:01:31,357 INFO: Microblog startup [in /home/leemur/Documents/Programming/Python/Flask/VK/app/__init__.py:54]
2019-03-13 01:01:40,402 INFO: Microblog startup [in /home/leemur/Documents/Programming/Python/Flask/VK/app/__init__.py:54]
